<?xml version="1.0" encoding="UTF-8"?>
<testng-results ignored="1" total="2" passed="0" failed="1" skipped="0">
  <reporter-output>
  </reporter-output>
  <suite started-at="2025-07-24T16:07:36 BST" name="Web Demo Suite" finished-at="2025-07-24T16:07:36 BST" duration-ms="30">
    <groups>
      <group name="@Mobile">
        <method signature="src.main.resources.scenarios.webSearch.feature.Search doctor name from CSV( java.util.Map)[pri:1000, instance:com.qmetry.qaf.automation.step.client.DataDrivenScenario@3e8]" name="Search doctor name from CSV" class="com.qmetry.qaf.automation.step.client.DataDrivenScenario"/>
      </group> <!-- @Mobile -->
    </groups>
    <test started-at="2025-07-24T16:07:36 BST" name="Web Scenarios Chrome Test" finished-at="2025-07-24T16:07:36 BST" duration-ms="30">
      <class name="com.qmetry.qaf.automation.step.client.DataDrivenScenario">
        <test-method is-config="true" signature="setupSuit(org.testng.ITestContext)[pri:0, instance:com.qmetry.qaf.automation.step.client.DataDrivenScenario@3e8, instance params:[org.testng.TestRunner@28cda624]]" started-at="2025-07-24T16:07:36 BST" name="setupSuit" test-instance-name="Search doctor name from CSV" finished-at="2025-07-24T16:07:36 BST" duration-ms="7" status="PASS">
          <params>
            <param index="0">
              <value>
                <![CDATA[org.testng.TestRunner@28cda624]]>
              </value>
            </param>
          </params>
          <reporter-output>
          </reporter-output>
        </test-method> <!-- setupSuit -->
        <test-method is-config="true" signature="setupTest(org.testng.ITestContext)[pri:0, instance:com.qmetry.qaf.automation.step.client.DataDrivenScenario@3e8, instance params:[org.testng.TestRunner@28cda624]]" started-at="2025-07-24T16:07:36 BST" name="setupTest" test-instance-name="Search doctor name from CSV" finished-at="2025-07-24T16:07:36 BST" duration-ms="1" status="PASS">
          <params>
            <param index="0">
              <value>
                <![CDATA[org.testng.TestRunner@28cda624]]>
              </value>
            </param>
          </params>
          <reporter-output>
          </reporter-output>
        </test-method> <!-- setupTest -->
        <test-method is-config="true" signature="setup(org.testng.ITestContext)[pri:0, instance:com.qmetry.qaf.automation.step.client.DataDrivenScenario@3e8, instance params:[org.testng.TestRunner@28cda624]]" started-at="2025-07-24T16:07:36 BST" name="setup" test-instance-name="Search doctor name from CSV" finished-at="2025-07-24T16:07:36 BST" duration-ms="1" status="PASS">
          <params>
            <param index="0">
              <value>
                <![CDATA[org.testng.TestRunner@28cda624]]>
              </value>
            </param>
          </params>
          <reporter-output>
          </reporter-output>
        </test-method> <!-- setup -->
        <test-method signature="Search doctor name from CSV( java.util.Map)[pri:1000, instance:com.qmetry.qaf.automation.step.client.DataDrivenScenario@3e8]" started-at="2025-07-24T16:07:36 BST" name="Search doctor name from CSV" data-provider="qaf-data-provider" test-instance-name="Search doctor name from CSV" finished-at="2025-07-24T16:07:36 BST" duration-ms="0" status="FAIL">
          <exception class="java.lang.RuntimeException">
            <message>
              <![CDATA[com.qmetry.qaf.automation.testng.DataProviderException: Error while fetching data from classpath:data/doctorNames.csv]]>
            </message>
            <full-stacktrace>
              <![CDATA[java.lang.RuntimeException: com.qmetry.qaf.automation.testng.DataProviderException: Error while fetching data from classpath:data/doctorNames.csv
at org.testng.internal.invokers.MethodInvocationHelper.invokeMethodNoCheckedException(MethodInvocationHelper.java:57)
at org.testng.internal.invokers.MethodInvocationHelper.invokeDataProvider(MethodInvocationHelper.java:157)
at org.testng.internal.Parameters.handleParameters(Parameters.java:803)
at org.testng.internal.Parameters.handleParameters(Parameters.java:728)
at org.testng.internal.invokers.ParameterHandler.handleParameters(ParameterHandler.java:72)
at org.testng.internal.invokers.ParameterHandler.createParameters(ParameterHandler.java:51)
at org.testng.internal.invokers.TestInvoker$MethodInvocationAgent.invoke(TestInvoker.java:924)
at org.testng.internal.invokers.TestInvoker.invokeTestMethods(TestInvoker.java:194)
at org.testng.internal.invokers.TestMethodWorker.invokeTestMethods(TestMethodWorker.java:148)
at org.testng.internal.invokers.TestMethodWorker.run(TestMethodWorker.java:128)
at java.base/java.util.ArrayList.forEach(ArrayList.java:1511)
at org.testng.TestRunner.privateRun(TestRunner.java:833)
at org.testng.TestRunner.run(TestRunner.java:606)
at org.testng.SuiteRunner.runTest(SuiteRunner.java:437)
at org.testng.SuiteRunner$SuiteWorker.run(SuiteRunner.java:475)
at org.testng.internal.thread.ThreadUtil.lambda$execute$0(ThreadUtil.java:58)
at java.base/java.util.concurrent.FutureTask.run(FutureTask.java:264)
at java.base/java.util.concurrent.ThreadPoolExecutor.runWorker(ThreadPoolExecutor.java:1136)
at java.base/java.util.concurrent.ThreadPoolExecutor$Worker.run(ThreadPoolExecutor.java:635)
at java.base/java.lang.Thread.run(Thread.java:840)
Caused by: com.qmetry.qaf.automation.testng.DataProviderException: Error while fetching data from classpath:data/doctorNames.csv
at com.qmetry.qaf.automation.util.CSVUtil.getCSVDataAsMap(CSVUtil.java:183)
at com.qmetry.qaf.automation.testng.dataprovider.QAFInetrceptableDataProvider.getData(QAFInetrceptableDataProvider.java:519)
at com.qmetry.qaf.automation.testng.dataprovider.QAFInetrceptableDataProvider.getTestDataForBDDScenarios(QAFInetrceptableDataProvider.java:117)
at com.qmetry.qaf.automation.testng.dataprovider.QAFInetrceptableDataProvider.interceptedDataProvider(QAFInetrceptableDataProvider.java:229)
at java.base/jdk.internal.reflect.NativeMethodAccessorImpl.invoke0(Native Method)
at java.base/jdk.internal.reflect.NativeMethodAccessorImpl.invoke(NativeMethodAccessorImpl.java:77)
at java.base/jdk.internal.reflect.DelegatingMethodAccessorImpl.invoke(DelegatingMethodAccessorImpl.java:43)
at java.base/java.lang.reflect.Method.invoke(Method.java:569)
at org.testng.internal.invokers.MethodInvocationHelper.invokeMethod(MethodInvocationHelper.java:139)
at org.testng.internal.invokers.MethodInvocationHelper.invokeMethod(MethodInvocationHelper.java:84)
at org.testng.internal.invokers.MethodInvocationHelper.invokeMethodNoCheckedException(MethodInvocationHelper.java:53)
... 19 more
Caused by: java.io.FileNotFoundException: classpath:data/doctorNames.csv (No such file or directory)
at java.base/java.io.FileInputStream.open0(Native Method)
at java.base/java.io.FileInputStream.open(FileInputStream.java:216)
at java.base/java.io.FileInputStream.<init>(FileInputStream.java:157)
at java.base/java.io.FileReader.<init>(FileReader.java:75)
at com.qmetry.qaf.automation.util.CSVUtil.getCSVDataAsMap(CSVUtil.java:149)
... 29 more
]]>
            </full-stacktrace>
          </exception> <!-- java.lang.RuntimeException -->
          <reporter-output>
          </reporter-output>
        </test-method> <!-- Search doctor name from CSV -->
        <test-method is-config="true" signature="afterClass(org.testng.ITestContext)[pri:0, instance:com.qmetry.qaf.automation.step.client.DataDrivenScenario@3e8, instance params:[org.testng.TestRunner@28cda624]]" started-at="2025-07-24T16:07:36 BST" name="afterClass" test-instance-name="Search doctor name from CSV" finished-at="2025-07-24T16:07:36 BST" duration-ms="1" status="PASS">
          <params>
            <param index="0">
              <value>
                <![CDATA[org.testng.TestRunner@28cda624]]>
              </value>
            </param>
          </params>
          <reporter-output>
          </reporter-output>
        </test-method> <!-- afterClass -->
        <test-method is-config="true" signature="afterTest(org.testng.ITestContext)[pri:0, instance:com.qmetry.qaf.automation.step.client.DataDrivenScenario@3e8, instance params:[org.testng.TestRunner@28cda624]]" started-at="2025-07-24T16:07:36 BST" name="afterTest" test-instance-name="Search doctor name from CSV" finished-at="2025-07-24T16:07:36 BST" duration-ms="0" status="PASS">
          <params>
            <param index="0">
              <value>
                <![CDATA[org.testng.TestRunner@28cda624]]>
              </value>
            </param>
          </params>
          <reporter-output>
          </reporter-output>
        </test-method> <!-- afterTest -->
      </class> <!-- com.qmetry.qaf.automation.step.client.DataDrivenScenario -->
    </test> <!-- Web Scenarios Chrome Test -->
  </suite> <!-- Web Demo Suite -->
</testng-results>
